{"/Users/konglin/Desktop/kl-ai-app/src/utils/index.ts": {"path":"/Users/konglin/Desktop/kl-ai-app/src/utils/index.ts","statementMap":{"0":{"start":{"line":1,"column":13},"end":{"line":1,"column":70}},"1":{"start":{"line":1,"column":70},"end":{"line":1,"column":184}},"2":{"start":{"line":1,"column":154},"end":{"line":1,"column":180}},"3":{"start":{"line":1,"column":248},"end":{"line":1,"column":269}},"4":{"start":{"line":1,"column":260},"end":{"line":1,"column":269}},"5":{"start":{"line":1,"column":286},"end":{"line":1,"column":309}},"6":{"start":{"line":1,"column":325},"end":{"line":1,"column":346}},"7":{"start":{"line":1,"column":363},"end":{"line":1,"column":413}},"8":{"start":{"line":1,"column":427},"end":{"line":1,"column":458}},"9":{"start":{"line":1,"column":470},"end":{"line":1,"column":504}},"10":{"start":{"line":1,"column":505},"end":{"line":1,"column":557}},"11":{"start":{"line":1,"column":542},"end":{"line":1,"column":556}},"12":{"start":{"line":1,"column":573},"end":{"line":1,"column":597}},"13":{"start":{"line":1,"column":612},"end":{"line":1,"column":647}},"14":{"start":{"line":1,"column":648},"end":{"line":1,"column":702}},"15":{"start":{"line":1,"column":681},"end":{"line":1,"column":701}},"16":{"start":{"line":1,"column":702},"end":{"line":1,"column":785}}},"fnMap":{"0":{"name":"(anonymous_0)","decl":{"start":{"line":1,"column":143},"end":{"line":1,"column":144}},"loc":{"start":{"line":1,"column":153},"end":{"line":1,"column":181}},"line":1},"1":{"name":"formatWalletAddress","decl":{"start":{"line":1,"column":193},"end":{"line":1,"column":212}},"loc":{"start":{"line":1,"column":247},"end":{"line":1,"column":786}},"line":1}},"branchMap":{"0":{"loc":{"start":{"line":1,"column":221},"end":{"line":1,"column":234}},"type":"default-arg","locations":[{"start":{"line":1,"column":233},"end":{"line":1,"column":234}}],"line":1},"1":{"loc":{"start":{"line":1,"column":235},"end":{"line":1,"column":246}},"type":"default-arg","locations":[{"start":{"line":1,"column":245},"end":{"line":1,"column":246}}],"line":1},"2":{"loc":{"start":{"line":1,"column":248},"end":{"line":1,"column":269}},"type":"if","locations":[{"start":{"line":1,"column":248},"end":{"line":1,"column":269}},{"start":{},"end":{}}],"line":1},"3":{"loc":{"start":{"line":1,"column":363},"end":{"line":1,"column":413}},"type":"binary-expr","locations":[{"start":{"line":1,"column":363},"end":{"line":1,"column":387}},{"start":{"line":1,"column":389},"end":{"line":1,"column":413}}],"line":1},"4":{"loc":{"start":{"line":1,"column":427},"end":{"line":1,"column":458}},"type":"cond-expr","locations":[{"start":{"line":1,"column":437},"end":{"line":1,"column":455}},{"start":{"line":1,"column":456},"end":{"line":1,"column":458}}],"line":1},"5":{"loc":{"start":{"line":1,"column":470},"end":{"line":1,"column":504}},"type":"cond-expr","locations":[{"start":{"line":1,"column":480},"end":{"line":1,"column":496}},{"start":{"line":1,"column":497},"end":{"line":1,"column":504}}],"line":1},"6":{"loc":{"start":{"line":1,"column":505},"end":{"line":1,"column":557}},"type":"if","locations":[{"start":{"line":1,"column":505},"end":{"line":1,"column":557}},{"start":{},"end":{}}],"line":1},"7":{"loc":{"start":{"line":1,"column":612},"end":{"line":1,"column":647}},"type":"cond-expr","locations":[{"start":{"line":1,"column":623},"end":{"line":1,"column":644}},{"start":{"line":1,"column":645},"end":{"line":1,"column":647}}],"line":1},"8":{"loc":{"start":{"line":1,"column":648},"end":{"line":1,"column":702}},"type":"if","locations":[{"start":{"line":1,"column":648},"end":{"line":1,"column":702}},{"start":{},"end":{}}],"line":1},"9":{"loc":{"start":{"line":1,"column":651},"end":{"line":1,"column":679}},"type":"binary-expr","locations":[{"start":{"line":1,"column":651},"end":{"line":1,"column":665}},{"start":{"line":1,"column":667},"end":{"line":1,"column":679}}],"line":1},"10":{"loc":{"start":{"line":1,"column":709},"end":{"line":1,"column":785}},"type":"cond-expr","locations":[{"start":{"line":1,"column":722},"end":{"line":1,"column":748}},{"start":{"line":1,"column":749},"end":{"line":1,"column":785}}],"line":1}},"s":{"0":1,"1":1,"2":26,"3":26,"4":3,"5":23,"6":23,"7":23,"8":23,"9":23,"10":23,"11":3,"12":20,"13":20,"14":20,"15":1,"16":19},"f":{"0":26,"1":26},"b":{"0":[19],"1":[19],"2":[3,23],"3":[23,3],"4":[21,2],"5":[21,2],"6":[3,20],"7":[17,3],"8":[1,19],"9":[20,3],"10":[2,17]},"inputSourceMap":{"0":"{","1":"\"","2":"v","3":"e","4":"r","5":"s","6":"i","7":"o","8":"n","9":"\"","10":":","11":"3","12":",","13":"\"","14":"s","15":"o","16":"u","17":"r","18":"c","19":"e","20":"s","21":"\"","22":":","23":"[","24":"\"","25":"/","26":"U","27":"s","28":"e","29":"r","30":"s","31":"/","32":"k","33":"o","34":"n","35":"g","36":"l","37":"i","38":"n","39":"/","40":"D","41":"e","42":"s","43":"k","44":"t","45":"o","46":"p","47":"/","48":"k","49":"l","50":"-","51":"a","52":"i","53":"-","54":"a","55":"p","56":"p","57":"/","58":"s","59":"r","60":"c","61":"/","62":"u","63":"t","64":"i","65":"l","66":"s","67":"/","68":"i","69":"n","70":"d","71":"e","72":"x","73":".","74":"t","75":"s","76":"\"","77":"]","78":",","79":"\"","80":"s","81":"o","82":"u","83":"r","84":"c","85":"e","86":"s","87":"C","88":"o","89":"n","90":"t","91":"e","92":"n","93":"t","94":"\"","95":":","96":"[","97":"\"","98":"e","99":"x","100":"p","101":"o","102":"r","103":"t","104":" ","105":"f","106":"u","107":"n","108":"c","109":"t","110":"i","111":"o","112":"n","113":" ","114":"f","115":"o","116":"r","117":"m","118":"a","119":"t","120":"W","121":"a","122":"l","123":"l","124":"e","125":"t","126":"A","127":"d","128":"d","129":"r","130":"e","131":"s","132":"s","133":"(","134":"\\","135":"n","136":" ","137":" ","138":"a","139":"d","140":"d","141":"r","142":"e","143":"s","144":"s","145":":","146":" ","147":"s","148":"t","149":"r","150":"i","151":"n","152":"g","153":" ","154":"|","155":" ","156":"n","157":"u","158":"l","159":"l","160":" ","161":"|","162":" ","163":"u","164":"n","165":"d","166":"e","167":"f","168":"i","169":"n","170":"e","171":"d","172":",","173":"\\","174":"n","175":" ","176":" ","177":"s","178":"t","179":"a","180":"r","181":"t","182":"L","183":"e","184":"n","185":"g","186":"t","187":"h","188":" ","189":"=","190":" ","191":"6","192":",","193":"\\","194":"n","195":" ","196":" ","197":"e","198":"n","199":"d","200":"L","201":"e","202":"n","203":"g","204":"t","205":"h","206":" ","207":"=","208":" ","209":"4","210":"\\","211":"n","212":")","213":":","214":" ","215":"s","216":"t","217":"r","218":"i","219":"n","220":"g","221":" ","222":"{","223":"\\","224":"n","225":" ","226":" ","227":"/","228":"/","229":" ","230":"1","231":".","232":" ","233":"处","234":"理","235":"空","236":"值","237":"/","238":"u","239":"n","240":"d","241":"e","242":"f","243":"i","244":"n","245":"e","246":"d","247":"/","248":"n","249":"u","250":"l","251":"l","252":"\\","253":"n","254":" ","255":" ","256":"i","257":"f","258":" ","259":"(","260":"!","261":"a","262":"d","263":"d","264":"r","265":"e","266":"s","267":"s","268":")","269":" ","270":"r","271":"e","272":"t","273":"u","274":"r","275":"n","276":" ","277":"'","278":"'","279":";","280":"\\","281":"n","282":"\\","283":"n","284":" ","285":" ","286":"/","287":"/","288":" ","289":"2","290":".","291":" ","292":"预","293":"处","294":"理","295":"参","296":"数","297":"：","298":"负","299":"数","300":"转","301":"为","302":" ","303":"0","304":"（","305":"关","306":"键","307":"：","308":"确","309":"保","310":" ","311":"v","312":"a","313":"l","314":"i","315":"d","316":"E","317":"n","318":"d","319":" ","320":"不","321":"会","322":"是","323":"负","324":"数","325":"）","326":"\\","327":"n","328":" ","329":" ","330":"c","331":"o","332":"n","333":"s","334":"t","335":" ","336":"v","337":"a","338":"l","339":"i","340":"d","341":"S","342":"t","343":"a","344":"r","345":"t","346":" ","347":"=","348":" ","349":"M","350":"a","351":"t","352":"h","353":".","354":"m","355":"a","356":"x","357":"(","358":"0","359":",","360":" ","361":"s","362":"t","363":"a","364":"r","365":"t","366":"L","367":"e","368":"n","369":"g","370":"t","371":"h","372":")","373":";","374":"\\","375":"n","376":" ","377":" ","378":"c","379":"o","380":"n","381":"s","382":"t","383":" ","384":"v","385":"a","386":"l","387":"i","388":"d","389":"E","390":"n","391":"d","392":" ","393":"=","394":" ","395":"M","396":"a","397":"t","398":"h","399":".","400":"m","401":"a","402":"x","403":"(","404":"0","405":",","406":" ","407":"e","408":"n","409":"d","410":"L","411":"e","412":"n","413":"g","414":"t","415":"h","416":")","417":";","418":" ","419":"/","420":"/","421":" ","422":"负","423":"数","424":"→","425":"0","426":"，","427":"如","428":" ","429":"e","430":"n","431":"d","432":"L","433":"e","434":"n","435":"g","436":"t","437":"h","438":"=","439":"-","440":"1","441":" ","442":"→","443":" ","444":"v","445":"a","446":"l","447":"i","448":"d","449":"E","450":"n","451":"d","452":"=","453":"0","454":"\\","455":"n","456":"\\","457":"n","458":" ","459":" ","460":"/","461":"/","462":" ","463":"3","464":".","465":" ","466":"提","467":"取","468":"前","469":"缀","470":"和","471":"地","472":"址","473":"主","474":"体","475":"（","476":"分","477":"离","478":" ","479":"0","480":"x","481":"/","482":"0","483":"X","484":" ","485":"与","486":"实","487":"际","488":"地","489":"址","490":"内","491":"容","492":"）","493":"\\","494":"n","495":" ","496":" ","497":"c","498":"o","499":"n","500":"s","501":"t","502":" ","503":"h","504":"a","505":"s","506":"P","507":"r","508":"e","509":"f","510":"i","511":"x","512":" ","513":"=","514":" ","515":"a","516":"d","517":"d","518":"r","519":"e","520":"s","521":"s","522":".","523":"s","524":"t","525":"a","526":"r","527":"t","528":"s","529":"W","530":"i","531":"t","532":"h","533":"(","534":"'","535":"0","536":"x","537":"'","538":")","539":" ","540":"|","541":"|","542":" ","543":"a","544":"d","545":"d","546":"r","547":"e","548":"s","549":"s","550":".","551":"s","552":"t","553":"a","554":"r","555":"t","556":"s","557":"W","558":"i","559":"t","560":"h","561":"(","562":"'","563":"0","564":"X","565":"'","566":")","567":";","568":"\\","569":"n","570":" ","571":" ","572":"c","573":"o","574":"n","575":"s","576":"t","577":" ","578":"p","579":"r","580":"e","581":"f","582":"i","583":"x","584":" ","585":"=","586":" ","587":"h","588":"a","589":"s","590":"P","591":"r","592":"e","593":"f","594":"i","595":"x","596":" ","597":"?","598":" ","599":"a","600":"d","601":"d","602":"r","603":"e","604":"s","605":"s","606":".","607":"s","608":"l","609":"i","610":"c","611":"e","612":"(","613":"0","614":",","615":" ","616":"2","617":")","618":" ","619":":","620":" ","621":"'","622":"'","623":";","624":"\\","625":"n","626":" ","627":" ","628":"c","629":"o","630":"n","631":"s","632":"t","633":" ","634":"b","635":"o","636":"d","637":"y","638":" ","639":"=","640":" ","641":"h","642":"a","643":"s","644":"P","645":"r","646":"e","647":"f","648":"i","649":"x","650":" ","651":"?","652":" ","653":"a","654":"d","655":"d","656":"r","657":"e","658":"s","659":"s","660":".","661":"s","662":"l","663":"i","664":"c","665":"e","666":"(","667":"2","668":")","669":" ","670":":","671":" ","672":"a","673":"d","674":"d","675":"r","676":"e","677":"s","678":"s","679":";","680":" ","681":"/","682":"/","683":" ","684":"主","685":"体","686":"不","687":"含","688":"前","689":"缀","690":"\\","691":"n","692":"\\","693":"n","694":" ","695":" ","696":"/","697":"/","698":" ","699":"4","700":".","701":" ","702":"短","703":"地","704":"址","705":"判","706":"断","707":"：","708":"主","709":"体","710":"长","711":"度","712":" ","713":"≤","714":" ","715":"起","716":"始","717":"+","718":"结","719":"尾","720":" ","721":"→","722":" ","723":"返","724":"回","725":"原","726":"地","727":"址","728":"\\","729":"n","730":" ","731":" ","732":"i","733":"f","734":" ","735":"(","736":"b","737":"o","738":"d","739":"y","740":".","741":"l","742":"e","743":"n","744":"g","745":"t","746":"h","747":" ","748":"<","749":"=","750":" ","751":"v","752":"a","753":"l","754":"i","755":"d","756":"S","757":"t","758":"a","759":"r","760":"t","761":" ","762":"+","763":" ","764":"v","765":"a","766":"l","767":"i","768":"d","769":"E","770":"n","771":"d","772":")","773":" ","774":"{","775":"\\","776":"n","777":" ","778":" ","779":" ","780":" ","781":"r","782":"e","783":"t","784":"u","785":"r","786":"n","787":" ","788":"a","789":"d","790":"d","791":"r","792":"e","793":"s","794":"s","795":";","796":"\\","797":"n","798":" ","799":" ","800":"}","801":"\\","802":"n","803":"\\","804":"n","805":" ","806":" ","807":"/","808":"/","809":" ","810":"5","811":".","812":" ","813":"截","814":"取","815":"起","816":"始","817":"部","818":"分","819":"（","820":"无","821":"论","822":" ","823":"e","824":"n","825":"d","826":"L","827":"e","828":"n","829":"g","830":"t","831":"h","832":" ","833":"是","834":"否","835":"为","836":"0","837":"，","838":"都","839":"需","840":"要","841":"起","842":"始","843":"部","844":"分","845":"）","846":"\\","847":"n","848":" ","849":" ","850":"c","851":"o","852":"n","853":"s","854":"t","855":" ","856":"s","857":"t","858":"a","859":"r","860":"t","861":"P","862":"a","863":"r","864":"t","865":" ","866":"=","867":" ","868":"b","869":"o","870":"d","871":"y","872":".","873":"s","874":"l","875":"i","876":"c","877":"e","878":"(","879":"0","880":",","881":" ","882":"v","883":"a","884":"l","885":"i","886":"d","887":"S","888":"t","889":"a","890":"r","891":"t","892":")","893":";","894":"\\","895":"n","896":"\\","897":"n","898":" ","899":" ","900":"/","901":"/","902":" ","903":"6","904":".","905":" ","906":"处","907":"理","908":"结","909":"尾","910":"部","911":"分","912":"：","913":"v","914":"a","915":"l","916":"i","917":"d","918":"E","919":"n","920":"d","921":"=","922":"0","923":" ","924":"时","925":"不","926":"截","927":"取","928":"任","929":"何","930":"内","931":"容","932":"（","933":"关","934":"键","935":"修","936":"复","937":"点","938":"）","939":"\\","940":"n","941":" ","942":" ","943":"c","944":"o","945":"n","946":"s","947":"t","948":" ","949":"e","950":"n","951":"d","952":"P","953":"a","954":"r","955":"t","956":" ","957":"=","958":" ","959":"v","960":"a","961":"l","962":"i","963":"d","964":"E","965":"n","966":"d","967":" ","968":">","969":" ","970":"0","971":" ","972":"?","973":" ","974":"b","975":"o","976":"d","977":"y","978":".","979":"s","980":"l","981":"i","982":"c","983":"e","984":"(","985":"-","986":"v","987":"a","988":"l","989":"i","990":"d","991":"E","992":"n","993":"d","994":")","995":" ","996":":","997":" ","998":"'","999":"'","1000":";","1001":"\\","1002":"n","1003":"\\","1004":"n","1005":" ","1006":" ","1007":"/","1008":"/","1009":" ","1010":"7","1011":".","1012":" ","1013":"拼","1014":"接","1015":"结","1016":"果","1017":"（","1018":"根","1019":"据","1020":" ","1021":"e","1022":"n","1023":"d","1024":"P","1025":"a","1026":"r","1027":"t","1028":" ","1029":"是","1030":"否","1031":"为","1032":"空","1033":"决","1034":"定","1035":"格","1036":"式","1037":"）","1038":"\\","1039":"n","1040":" ","1041":" ","1042":"i","1043":"f","1044":" ","1045":"(","1046":"v","1047":"a","1048":"l","1049":"i","1050":"d","1051":"S","1052":"t","1053":"a","1054":"r","1055":"t","1056":" ","1057":"=","1058":"=","1059":"=","1060":" ","1061":"0","1062":" ","1063":"&","1064":"&","1065":" ","1066":"v","1067":"a","1068":"l","1069":"i","1070":"d","1071":"E","1072":"n","1073":"d","1074":" ","1075":"=","1076":"=","1077":"=","1078":" ","1079":"0","1080":")","1081":" ","1082":"{","1083":"\\","1084":"n","1085":" ","1086":" ","1087":" ","1088":" ","1089":"r","1090":"e","1091":"t","1092":"u","1093":"r","1094":"n","1095":" ","1096":"`","1097":"$","1098":"{","1099":"p","1100":"r","1101":"e","1102":"f","1103":"i","1104":"x","1105":"}","1106":".","1107":".","1108":".","1109":"`","1110":";","1111":" ","1112":"/","1113":"/","1114":" ","1115":"双","1116":"0","1117":"参","1118":"数","1119":"：","1120":"仅","1121":"前","1122":"缀","1123":"+","1124":"省","1125":"略","1126":"号","1127":"\\","1128":"n","1129":" ","1130":" ","1131":"}","1132":"\\","1133":"n","1134":" ","1135":" ","1136":"/","1137":"/","1138":" ","1139":"若","1140":" ","1141":"e","1142":"n","1143":"d","1144":"P","1145":"a","1146":"r","1147":"t","1148":" ","1149":"为","1150":"空","1151":"（","1152":"v","1153":"a","1154":"l","1155":"i","1156":"d","1157":"E","1158":"n","1159":"d","1160":"=","1161":"0","1162":"）","1163":"，","1164":"则","1165":"只","1166":"拼","1167":"接","1168":" ","1169":"\\","1170":"\"","1171":"前","1172":"缀","1173":"+","1174":"起","1175":"始","1176":"+","1177":".","1178":".","1179":".","1180":"\\","1181":"\"","1182":"\\","1183":"n","1184":" ","1185":" ","1186":"r","1187":"e","1188":"t","1189":"u","1190":"r","1191":"n","1192":" ","1193":"v","1194":"a","1195":"l","1196":"i","1197":"d","1198":"E","1199":"n","1200":"d","1201":" ","1202":"=","1203":"=","1204":"=","1205":" ","1206":"0","1207":" ","1208":"\\","1209":"n","1210":" ","1211":" ","1212":" ","1213":" ","1214":"?","1215":" ","1216":"`","1217":"$","1218":"{","1219":"p","1220":"r","1221":"e","1222":"f","1223":"i","1224":"x","1225":"}","1226":"$","1227":"{","1228":"s","1229":"t","1230":"a","1231":"r","1232":"t","1233":"P","1234":"a","1235":"r","1236":"t","1237":"}","1238":".","1239":".","1240":".","1241":"`","1242":" ","1243":"\\","1244":"n","1245":" ","1246":" ","1247":" ","1248":" ","1249":":","1250":" ","1251":"`","1252":"$","1253":"{","1254":"p","1255":"r","1256":"e","1257":"f","1258":"i","1259":"x","1260":"}","1261":"$","1262":"{","1263":"s","1264":"t","1265":"a","1266":"r","1267":"t","1268":"P","1269":"a","1270":"r","1271":"t","1272":"}","1273":".","1274":".","1275":".","1276":"$","1277":"{","1278":"e","1279":"n","1280":"d","1281":"P","1282":"a","1283":"r","1284":"t","1285":"}","1286":"`","1287":";","1288":"\\","1289":"n","1290":"}","1291":"\"","1292":"]","1293":",","1294":"\"","1295":"n","1296":"a","1297":"m","1298":"e","1299":"s","1300":"\"","1301":":","1302":"[","1303":"\"","1304":"f","1305":"o","1306":"r","1307":"m","1308":"a","1309":"t","1310":"W","1311":"a","1312":"l","1313":"l","1314":"e","1315":"t","1316":"A","1317":"d","1318":"d","1319":"r","1320":"e","1321":"s","1322":"s","1323":"\"","1324":",","1325":"\"","1326":"a","1327":"d","1328":"d","1329":"r","1330":"e","1331":"s","1332":"s","1333":"\"","1334":",","1335":"\"","1336":"s","1337":"t","1338":"a","1339":"r","1340":"t","1341":"L","1342":"e","1343":"n","1344":"g","1345":"t","1346":"h","1347":"\"","1348":",","1349":"\"","1350":"e","1351":"n","1352":"d","1353":"L","1354":"e","1355":"n","1356":"g","1357":"t","1358":"h","1359":"\"","1360":",","1361":"\"","1362":"v","1363":"a","1364":"l","1365":"i","1366":"d","1367":"S","1368":"t","1369":"a","1370":"r","1371":"t","1372":"\"","1373":",","1374":"\"","1375":"M","1376":"a","1377":"t","1378":"h","1379":"\"","1380":",","1381":"\"","1382":"m","1383":"a","1384":"x","1385":"\"","1386":",","1387":"\"","1388":"v","1389":"a","1390":"l","1391":"i","1392":"d","1393":"E","1394":"n","1395":"d","1396":"\"","1397":",","1398":"\"","1399":"h","1400":"a","1401":"s","1402":"P","1403":"r","1404":"e","1405":"f","1406":"i","1407":"x","1408":"\"","1409":",","1410":"\"","1411":"s","1412":"t","1413":"a","1414":"r","1415":"t","1416":"s","1417":"W","1418":"i","1419":"t","1420":"h","1421":"\"","1422":",","1423":"\"","1424":"p","1425":"r","1426":"e","1427":"f","1428":"i","1429":"x","1430":"\"","1431":",","1432":"\"","1433":"s","1434":"l","1435":"i","1436":"c","1437":"e","1438":"\"","1439":",","1440":"\"","1441":"b","1442":"o","1443":"d","1444":"y","1445":"\"","1446":",","1447":"\"","1448":"l","1449":"e","1450":"n","1451":"g","1452":"t","1453":"h","1454":"\"","1455":",","1456":"\"","1457":"s","1458":"t","1459":"a","1460":"r","1461":"t","1462":"P","1463":"a","1464":"r","1465":"t","1466":"\"","1467":",","1468":"\"","1469":"e","1470":"n","1471":"d","1472":"P","1473":"a","1474":"r","1475":"t","1476":"\"","1477":"]","1478":",","1479":"\"","1480":"m","1481":"a","1482":"p","1483":"p","1484":"i","1485":"n","1486":"g","1487":"s","1488":"\"","1489":":","1490":"\"","1491":"o","1492":"G","1493":"A","1494":"A","1495":"g","1496":"B","1497":"A","1498":",","1499":"6","1500":"D","1501":"A","1502":"A","1503":"A","1504":"A","1505":",","1506":"u","1507":"B","1508":"A","1509":"A","1510":"T","1511":",","1512":"S","1513":"A","1514":"A","1515":"S","1516":"A","1517":",","1518":"o","1519":"B","1520":"A","1521":"C","1522":"d","1523":"C","1524":",","1525":"O","1526":"A","1527":"A","1528":"k","1529":"C","1530":",","1531":"C","1532":"A","1533":"C","1534":"l","1535":"C","1536":"C","1537":",","1538":"Y","1539":"A","1540":"A","1541":"c","1542":",","1543":"C","1544":"A","1545":"A","1546":"C","1547":",","1548":"C","1549":"A","1550":"C","1551":"f","1552":"C","1553":",","1554":"U","1555":"A","1556":"A","1557":"Y","1558":",","1559":"C","1560":"A","1561":"A","1562":"C","1563":",","1564":"E","1565":"A","1566":"G","1567":"b","1568":",","1569":"G","1570":"A","1571":"A","1572":"I","1573":",","1574":"C","1575":"A","1576":"A","1577":"C","1578":"F","1579":",","1580":"Q","1581":"A","1582":"A","1583":"S","1584":",","1585":"M","1586":"A","1587":"A","1588":"O","1589":",","1590":"G","1591":"A","1592":"G","1593":"r","1594":"B","1595":",","1596":"M","1597":"A","1598":"A","1599":"M","1600":"G","1601":",","1602":"W","1603":"A","1604":"A","1605":"a","1606":"C","1607":",","1608":"K","1609":"A","1610":"A","1611":"K","1612":"C","1613":",","1614":"G","1615":"A","1616":"A","1617":"G","1618":",","1619":"C","1620":"A","1621":"A","1622":"C","1623":",","1624":"E","1625":"A","1626":"A","1627":"G","1628":"J","1629":",","1630":"a","1631":"A","1632":"C","1633":"/","1634":"B","1635":",","1636":"M","1637":"A","1638":"A","1639":"M","1640":"K","1641":",","1642":"S","1643":"A","1644":"A","1645":"W","1646":"F","1647":",","1648":"K","1649":"A","1650":"A","1651":"K","1652":"C","1653":",","1654":"G","1655":"A","1656":"A","1657":"G","1658":",","1659":"C","1660":"A","1661":"A","1662":"C","1663":",","1664":"E","1665":"A","1666":"A","1667":"G","1668":"H","1669":",","1670":"W","1671":"A","1672":"G","1673":"7","1674":"B","1675":",","1676":"M","1677":"A","1678":"A","1679":"M","1680":"K","1681":",","1682":"U","1683":"A","1684":"A","1685":"Y","1686":"P","1687":",","1688":"Q","1689":"A","1690":"A","1691":"Q","1692":"Q","1693":",","1694":"U","1695":"A","1696":"A","1697":"U","1698":",","1699":"C","1700":"A","1701":"A","1702":"C","1703":",","1704":"O","1705":"A","1706":"A","1707":"S","1708":"R","1709":",","1710":"Q","1711":"A","1712":"A","1713":"Q","1714":"Q","1715":",","1716":"U","1717":"A","1718":"A","1719":"U","1720":",","1721":"C","1722":"A","1723":"A","1724":"C","1725":",","1726":"M","1727":"A","1728":"C","1729":"j","1730":"E","1731":",","1732":"M","1733":"A","1734":"A","1735":"M","1736":"C","1737":",","1738":"O","1739":"A","1740":"A","1741":"S","1742":"F","1743":",","1744":"U","1745":"A","1746":"A","1747":"Y","1748":"P","1749":",","1750":"Q","1751":"A","1752":"A","1753":"Q","1754":"U","1755":",","1756":"K","1757":"A","1758":"A","1759":"K","1760":",","1761":"C","1762":"A","1763":"A","1764":"C","1765":",","1766":"E","1767":"A","1768":"A","1769":"G","1770":",","1771":"G","1772":"A","1773":"A","1774":"K","1775":",","1776":"G","1777":"A","1778":"C","1779":"j","1780":"D","1781":",","1782":"M","1783":"A","1784":"A","1785":"M","1786":"C","1787":",","1788":"K","1789":"A","1790":"A","1791":"O","1792":"J","1793":",","1794":"U","1795":"A","1796":"A","1797":"Y","1798":"P","1799":",","1800":"Q","1801":"A","1802":"A","1803":"Q","1804":"U","1805":",","1806":"K","1807":"A","1808":"A","1809":"K","1810":",","1811":"C","1812":"A","1813":"A","1814":"C","1815":",","1816":"G","1817":"A","1818":"A","1819":"K","1820":"V","1821":",","1822":"Q","1823":"A","1824":"G","1825":"5","1826":"C","1827":",","1828":"G","1829":"A","1830":"A","1831":"I","1832":"W","1833":",","1834":"K","1835":"A","1836":"A","1837":"K","1838":"C","1839":",","1840":"M","1841":"A","1842":"A","1843":"M","1844":",","1845":"E","1846":"A","1847":"A","1848":"I","1849":"T","1850":",","1851":"W","1852":"A","1853":"A","1854":"a","1855":"G","1856":",","1857":"S","1858":"A","1859":"A","1860":"U","1861":",","1862":"C","1863":"A","1864":"C","1865":"x","1866":"C","1867":",","1868":"O","1869":"A","1870":"A","1871":"O","1872":"N","1873":",","1874":"O","1875":"A","1876":"C","1877":"T","1878":",","1879":"C","1880":"A","1881":"G","1882":"A","1883":",","1884":"M","1885":"A","1886":"A","1887":"M","1888":"a","1889":",","1890":"U","1891":"A","1892":"A","1893":"Y","1894":"F","1895":",","1896":"K","1897":"A","1898":"A","1899":"K","1900":"D","1901":",","1902":"K","1903":"A","1904":"A","1905":"K","1906":",","1907":"C","1908":"A","1909":"A","1910":"C","1911":",","1912":"E","1913":"A","1914":"A","1915":"G","1916":"P","1917":",","1918":"Y","1919":"A","1920":"G","1921":"h","1922":"C","1923":",","1924":"M","1925":"A","1926":"A","1927":"M","1928":"W","1929":",","1930":"Q","1931":"A","1932":"A","1933":"U","1934":"R","1935":",","1936":"S","1937":"A","1938":"A","1939":"W","1940":",","1941":"E","1942":"A","1943":"A","1944":"I","1945":"K","1946":",","1947":"K","1948":"A","1949":"A","1950":"K","1951":"D","1952":",","1953":"K","1954":"A","1955":"A","1956":"K","1957":",","1958":"C","1959":"A","1960":"A","1961":"C","1962":",","1963":"C","1964":"A","1965":"A","1966":"C","1967":"J","1968":",","1969":"U","1970":"A","1971":"A","1972":"Y","1973":",","1974":"G","1975":"A","1976":"G","1977":"v","1978":"D","1979":",","1980":"G","1981":"A","1982":"A","1983":"I","1984":"H","1985":",","1986":"a","1987":"A","1988":"A","1989":"e","1990":",","1991":"G","1992":"A","1993":"A","1994":"K","1995":"G","1996":",","1997":"W","1998":"A","1999":"A","2000":"a","2001":",","2002":"E","2003":"A","2004":"A","2005":"G","2006":",","2007":"C","2008":"A","2009":"C","2010":"t","2011":"C","2012":",","2013":"M","2014":"A","2015":"A","2016":"O","2017":",","2018":"C","2019":"A","2020":"A","2021":"C","2022":",","2023":"E","2024":"A","2025":"A","2026":"E","2027":"G","2028":",","2029":"O","2030":"A","2031":"A","2032":"O","2033":",","2034":"G","2035":"A","2036":"A","2037":"G","2038":",","2039":"C","2040":"A","2041":"A","2042":"C","2043":",","2044":"A","2045":"A","2046":"C","2047":"v","2048":"B","2049":",","2050":"C","2051":"A","2052":"E","2053":"A","2054":",","2055":"O","2056":"A","2057":"A","2058":"O","2059":"H","2060":",","2061":"W","2062":"A","2063":"A","2064":"a","2065":",","2066":"E","2067":"A","2068":"C","2069":"h","2070":"B","2071":",","2072":"C","2073":"A","2074":"A","2075":"C","2076":",","2077":"E","2078":"A","2079":"A","2080":"E","2081":"G","2082":",","2083":"O","2084":"A","2085":"A","2086":"O","2087":",","2088":"E","2089":"A","2090":"A","2091":"E","2092":"I","2093":",","2094":"U","2095":"A","2096":"A","2097":"U","2098":",","2099":"G","2100":"A","2101":"A","2102":"G","2103":",","2104":"C","2105":"A","2106":"A","2107":"C","2108":",","2109":"C","2110":"A","2111":"C","2112":"1","2113":"B","2114":",","2115":"C","2116":"A","2117":"A","2118":"C","2119":",","2120":"E","2121":"A","2122":"A","2123":"E","2124":"J","2125":",","2126":"O","2127":"A","2128":"A","2129":"O","2130":",","2131":"E","2132":"A","2133":"A","2134":"E","2135":"I","2136":",","2137":"U","2138":"A","2139":"A","2140":"U","2141":",","2142":"G","2143":"A","2144":"A","2145":"G","2146":",","2147":"E","2148":"A","2149":"A","2150":"E","2151":"C","2152":",","2153":"Q","2154":"A","2155":"A","2156":"Q","2157":",","2158":"C","2159":"A","2160":"A","2161":"C","2162":",","2163":"A","2164":"A","2165":"C","2166":"1","2167":"C","2168":"\"","2169":"}"},"_coverageSchema":"1a1c01bbd47fc00a2c39e90264f33305004495a9","hash":"52a8c19f7bde64962952fbee736dd2c502c84a99"}
}
