{"/Users/konglin/Desktop/kl-ai-app/src/utils/index.ts": {"path":"/Users/konglin/Desktop/kl-ai-app/src/utils/index.ts","statementMap":{"0":{"start":{"line":1,"column":13},"end":{"line":1,"column":70}},"1":{"start":{"line":1,"column":70},"end":{"line":1,"column":184}},"2":{"start":{"line":1,"column":154},"end":{"line":1,"column":180}},"3":{"start":{"line":1,"column":248},"end":{"line":1,"column":269}},"4":{"start":{"line":1,"column":260},"end":{"line":1,"column":269}},"5":{"start":{"line":1,"column":286},"end":{"line":1,"column":309}},"6":{"start":{"line":1,"column":325},"end":{"line":1,"column":346}},"7":{"start":{"line":1,"column":363},"end":{"line":1,"column":413}},"8":{"start":{"line":1,"column":427},"end":{"line":1,"column":458}},"9":{"start":{"line":1,"column":470},"end":{"line":1,"column":504}},"10":{"start":{"line":1,"column":505},"end":{"line":1,"column":557}},"11":{"start":{"line":1,"column":542},"end":{"line":1,"column":556}},"12":{"start":{"line":1,"column":573},"end":{"line":1,"column":597}},"13":{"start":{"line":1,"column":612},"end":{"line":1,"column":647}},"14":{"start":{"line":1,"column":648},"end":{"line":1,"column":702}},"15":{"start":{"line":1,"column":681},"end":{"line":1,"column":701}},"16":{"start":{"line":1,"column":702},"end":{"line":1,"column":785}}},"fnMap":{"0":{"name":"(anonymous_0)","decl":{"start":{"line":1,"column":143},"end":{"line":1,"column":144}},"loc":{"start":{"line":1,"column":153},"end":{"line":1,"column":181}},"line":1},"1":{"name":"formatWalletAddress","decl":{"start":{"line":1,"column":193},"end":{"line":1,"column":212}},"loc":{"start":{"line":1,"column":247},"end":{"line":1,"column":786}},"line":1}},"branchMap":{"0":{"loc":{"start":{"line":1,"column":221},"end":{"line":1,"column":234}},"type":"default-arg","locations":[{"start":{"line":1,"column":233},"end":{"line":1,"column":234}}],"line":1},"1":{"loc":{"start":{"line":1,"column":235},"end":{"line":1,"column":246}},"type":"default-arg","locations":[{"start":{"line":1,"column":245},"end":{"line":1,"column":246}}],"line":1},"2":{"loc":{"start":{"line":1,"column":248},"end":{"line":1,"column":269}},"type":"if","locations":[{"start":{"line":1,"column":248},"end":{"line":1,"column":269}},{"start":{},"end":{}}],"line":1},"3":{"loc":{"start":{"line":1,"column":363},"end":{"line":1,"column":413}},"type":"binary-expr","locations":[{"start":{"line":1,"column":363},"end":{"line":1,"column":387}},{"start":{"line":1,"column":389},"end":{"line":1,"column":413}}],"line":1},"4":{"loc":{"start":{"line":1,"column":427},"end":{"line":1,"column":458}},"type":"cond-expr","locations":[{"start":{"line":1,"column":437},"end":{"line":1,"column":455}},{"start":{"line":1,"column":456},"end":{"line":1,"column":458}}],"line":1},"5":{"loc":{"start":{"line":1,"column":470},"end":{"line":1,"column":504}},"type":"cond-expr","locations":[{"start":{"line":1,"column":480},"end":{"line":1,"column":496}},{"start":{"line":1,"column":497},"end":{"line":1,"column":504}}],"line":1},"6":{"loc":{"start":{"line":1,"column":505},"end":{"line":1,"column":557}},"type":"if","locations":[{"start":{"line":1,"column":505},"end":{"line":1,"column":557}},{"start":{},"end":{}}],"line":1},"7":{"loc":{"start":{"line":1,"column":612},"end":{"line":1,"column":647}},"type":"cond-expr","locations":[{"start":{"line":1,"column":623},"end":{"line":1,"column":644}},{"start":{"line":1,"column":645},"end":{"line":1,"column":647}}],"line":1},"8":{"loc":{"start":{"line":1,"column":648},"end":{"line":1,"column":702}},"type":"if","locations":[{"start":{"line":1,"column":648},"end":{"line":1,"column":702}},{"start":{},"end":{}}],"line":1},"9":{"loc":{"start":{"line":1,"column":651},"end":{"line":1,"column":679}},"type":"binary-expr","locations":[{"start":{"line":1,"column":651},"end":{"line":1,"column":665}},{"start":{"line":1,"column":667},"end":{"line":1,"column":679}}],"line":1},"10":{"loc":{"start":{"line":1,"column":709},"end":{"line":1,"column":785}},"type":"cond-expr","locations":[{"start":{"line":1,"column":722},"end":{"line":1,"column":748}},{"start":{"line":1,"column":749},"end":{"line":1,"column":785}}],"line":1}},"s":{"0":1,"1":1,"2":26,"3":26,"4":3,"5":23,"6":23,"7":23,"8":23,"9":23,"10":23,"11":3,"12":20,"13":20,"14":20,"15":1,"16":19},"f":{"0":26,"1":26},"b":{"0":[19],"1":[19],"2":[3,23],"3":[23,3],"4":[21,2],"5":[21,2],"6":[3,20],"7":[17,3],"8":[1,19],"9":[20,3],"10":[2,17]},"inputSourceMap":{"0":"{","1":"\"","2":"v","3":"e","4":"r","5":"s","6":"i","7":"o","8":"n","9":"\"","10":":","11":"3","12":",","13":"\"","14":"s","15":"o","16":"u","17":"r","18":"c","19":"e","20":"s","21":"\"","22":":","23":"[","24":"\"","25":"/","26":"U","27":"s","28":"e","29":"r","30":"s","31":"/","32":"k","33":"o","34":"n","35":"g","36":"l","37":"i","38":"n","39":"/","40":"D","41":"e","42":"s","43":"k","44":"t","45":"o","46":"p","47":"/","48":"k","49":"l","50":"-","51":"a","52":"i","53":"-","54":"a","55":"p","56":"p","57":"/","58":"s","59":"r","60":"c","61":"/","62":"u","63":"t","64":"i","65":"l","66":"s","67":"/","68":"i","69":"n","70":"d","71":"e","72":"x","73":".","74":"t","75":"s","76":"\"","77":"]","78":",","79":"\"","80":"s","81":"o","82":"u","83":"r","84":"c","85":"e","86":"s","87":"C","88":"o","89":"n","90":"t","91":"e","92":"n","93":"t","94":"\"","95":":","96":"[","97":"\"","98":"e","99":"x","100":"p","101":"o","102":"r","103":"t","104":" ","105":"f","106":"u","107":"n","108":"c","109":"t","110":"i","111":"o","112":"n","113":" ","114":"f","115":"o","116":"r","117":"m","118":"a","119":"t","120":"W","121":"a","122":"l","123":"l","124":"e","125":"t","126":"A","127":"d","128":"d","129":"r","130":"e","131":"s","132":"s","133":"(","134":"\\","135":"n","136":" ","137":" ","138":"a","139":"d","140":"d","141":"r","142":"e","143":"s","144":"s","145":":","146":" ","147":"s","148":"t","149":"r","150":"i","151":"n","152":"g","153":" ","154":"|","155":" ","156":"n","157":"u","158":"l","159":"l","160":" ","161":"|","162":" ","163":"u","164":"n","165":"d","166":"e","167":"f","168":"i","169":"n","170":"e","171":"d","172":",","173":"\\","174":"n","175":" ","176":" ","177":"s","178":"t","179":"a","180":"r","181":"t","182":"L","183":"e","184":"n","185":"g","186":"t","187":"h","188":" ","189":"=","190":" ","191":"6","192":",","193":"\\","194":"n","195":" ","196":" ","197":"e","198":"n","199":"d","200":"L","201":"e","202":"n","203":"g","204":"t","205":"h","206":" ","207":"=","208":" ","209":"4","210":",","211":"\\","212":"n","213":")","214":":","215":" ","216":"s","217":"t","218":"r","219":"i","220":"n","221":"g","222":" ","223":"{","224":"\\","225":"n","226":" ","227":" ","228":"/","229":"/","230":" ","231":"1","232":".","233":" ","234":"处","235":"理","236":"空","237":"值","238":"/","239":"u","240":"n","241":"d","242":"e","243":"f","244":"i","245":"n","246":"e","247":"d","248":"/","249":"n","250":"u","251":"l","252":"l","253":"\\","254":"n","255":" ","256":" ","257":"i","258":"f","259":" ","260":"(","261":"!","262":"a","263":"d","264":"d","265":"r","266":"e","267":"s","268":"s","269":")","270":" ","271":"r","272":"e","273":"t","274":"u","275":"r","276":"n","277":" ","278":"'","279":"'","280":";","281":"\\","282":"n","283":"\\","284":"n","285":" ","286":" ","287":"/","288":"/","289":" ","290":"2","291":".","292":" ","293":"预","294":"处","295":"理","296":"参","297":"数","298":"：","299":"负","300":"数","301":"转","302":"为","303":" ","304":"0","305":"（","306":"关","307":"键","308":"：","309":"确","310":"保","311":" ","312":"v","313":"a","314":"l","315":"i","316":"d","317":"E","318":"n","319":"d","320":" ","321":"不","322":"会","323":"是","324":"负","325":"数","326":"）","327":"\\","328":"n","329":" ","330":" ","331":"c","332":"o","333":"n","334":"s","335":"t","336":" ","337":"v","338":"a","339":"l","340":"i","341":"d","342":"S","343":"t","344":"a","345":"r","346":"t","347":" ","348":"=","349":" ","350":"M","351":"a","352":"t","353":"h","354":".","355":"m","356":"a","357":"x","358":"(","359":"0","360":",","361":" ","362":"s","363":"t","364":"a","365":"r","366":"t","367":"L","368":"e","369":"n","370":"g","371":"t","372":"h","373":")","374":";","375":"\\","376":"n","377":" ","378":" ","379":"c","380":"o","381":"n","382":"s","383":"t","384":" ","385":"v","386":"a","387":"l","388":"i","389":"d","390":"E","391":"n","392":"d","393":" ","394":"=","395":" ","396":"M","397":"a","398":"t","399":"h","400":".","401":"m","402":"a","403":"x","404":"(","405":"0","406":",","407":" ","408":"e","409":"n","410":"d","411":"L","412":"e","413":"n","414":"g","415":"t","416":"h","417":")","418":";","419":" ","420":"/","421":"/","422":" ","423":"负","424":"数","425":"→","426":"0","427":"，","428":"如","429":" ","430":"e","431":"n","432":"d","433":"L","434":"e","435":"n","436":"g","437":"t","438":"h","439":"=","440":"-","441":"1","442":" ","443":"→","444":" ","445":"v","446":"a","447":"l","448":"i","449":"d","450":"E","451":"n","452":"d","453":"=","454":"0","455":"\\","456":"n","457":"\\","458":"n","459":" ","460":" ","461":"/","462":"/","463":" ","464":"3","465":".","466":" ","467":"提","468":"取","469":"前","470":"缀","471":"和","472":"地","473":"址","474":"主","475":"体","476":"（","477":"分","478":"离","479":" ","480":"0","481":"x","482":"/","483":"0","484":"X","485":" ","486":"与","487":"实","488":"际","489":"地","490":"址","491":"内","492":"容","493":"）","494":"\\","495":"n","496":" ","497":" ","498":"c","499":"o","500":"n","501":"s","502":"t","503":" ","504":"h","505":"a","506":"s","507":"P","508":"r","509":"e","510":"f","511":"i","512":"x","513":" ","514":"=","515":" ","516":"a","517":"d","518":"d","519":"r","520":"e","521":"s","522":"s","523":".","524":"s","525":"t","526":"a","527":"r","528":"t","529":"s","530":"W","531":"i","532":"t","533":"h","534":"(","535":"'","536":"0","537":"x","538":"'","539":")","540":" ","541":"|","542":"|","543":" ","544":"a","545":"d","546":"d","547":"r","548":"e","549":"s","550":"s","551":".","552":"s","553":"t","554":"a","555":"r","556":"t","557":"s","558":"W","559":"i","560":"t","561":"h","562":"(","563":"'","564":"0","565":"X","566":"'","567":")","568":";","569":"\\","570":"n","571":" ","572":" ","573":"c","574":"o","575":"n","576":"s","577":"t","578":" ","579":"p","580":"r","581":"e","582":"f","583":"i","584":"x","585":" ","586":"=","587":" ","588":"h","589":"a","590":"s","591":"P","592":"r","593":"e","594":"f","595":"i","596":"x","597":" ","598":"?","599":" ","600":"a","601":"d","602":"d","603":"r","604":"e","605":"s","606":"s","607":".","608":"s","609":"l","610":"i","611":"c","612":"e","613":"(","614":"0","615":",","616":" ","617":"2","618":")","619":" ","620":":","621":" ","622":"'","623":"'","624":";","625":"\\","626":"n","627":" ","628":" ","629":"c","630":"o","631":"n","632":"s","633":"t","634":" ","635":"b","636":"o","637":"d","638":"y","639":" ","640":"=","641":" ","642":"h","643":"a","644":"s","645":"P","646":"r","647":"e","648":"f","649":"i","650":"x","651":" ","652":"?","653":" ","654":"a","655":"d","656":"d","657":"r","658":"e","659":"s","660":"s","661":".","662":"s","663":"l","664":"i","665":"c","666":"e","667":"(","668":"2","669":")","670":" ","671":":","672":" ","673":"a","674":"d","675":"d","676":"r","677":"e","678":"s","679":"s","680":";","681":" ","682":"/","683":"/","684":" ","685":"主","686":"体","687":"不","688":"含","689":"前","690":"缀","691":"\\","692":"n","693":"\\","694":"n","695":" ","696":" ","697":"/","698":"/","699":" ","700":"4","701":".","702":" ","703":"短","704":"地","705":"址","706":"判","707":"断","708":"：","709":"主","710":"体","711":"长","712":"度","713":" ","714":"≤","715":" ","716":"起","717":"始","718":"+","719":"结","720":"尾","721":" ","722":"→","723":" ","724":"返","725":"回","726":"原","727":"地","728":"址","729":"\\","730":"n","731":" ","732":" ","733":"i","734":"f","735":" ","736":"(","737":"b","738":"o","739":"d","740":"y","741":".","742":"l","743":"e","744":"n","745":"g","746":"t","747":"h","748":" ","749":"<","750":"=","751":" ","752":"v","753":"a","754":"l","755":"i","756":"d","757":"S","758":"t","759":"a","760":"r","761":"t","762":" ","763":"+","764":" ","765":"v","766":"a","767":"l","768":"i","769":"d","770":"E","771":"n","772":"d","773":")","774":" ","775":"{","776":"\\","777":"n","778":" ","779":" ","780":" ","781":" ","782":"r","783":"e","784":"t","785":"u","786":"r","787":"n","788":" ","789":"a","790":"d","791":"d","792":"r","793":"e","794":"s","795":"s","796":";","797":"\\","798":"n","799":" ","800":" ","801":"}","802":"\\","803":"n","804":"\\","805":"n","806":" ","807":" ","808":"/","809":"/","810":" ","811":"5","812":".","813":" ","814":"截","815":"取","816":"起","817":"始","818":"部","819":"分","820":"（","821":"无","822":"论","823":" ","824":"e","825":"n","826":"d","827":"L","828":"e","829":"n","830":"g","831":"t","832":"h","833":" ","834":"是","835":"否","836":"为","837":"0","838":"，","839":"都","840":"需","841":"要","842":"起","843":"始","844":"部","845":"分","846":"）","847":"\\","848":"n","849":" ","850":" ","851":"c","852":"o","853":"n","854":"s","855":"t","856":" ","857":"s","858":"t","859":"a","860":"r","861":"t","862":"P","863":"a","864":"r","865":"t","866":" ","867":"=","868":" ","869":"b","870":"o","871":"d","872":"y","873":".","874":"s","875":"l","876":"i","877":"c","878":"e","879":"(","880":"0","881":",","882":" ","883":"v","884":"a","885":"l","886":"i","887":"d","888":"S","889":"t","890":"a","891":"r","892":"t","893":")","894":";","895":"\\","896":"n","897":"\\","898":"n","899":" ","900":" ","901":"/","902":"/","903":" ","904":"6","905":".","906":" ","907":"处","908":"理","909":"结","910":"尾","911":"部","912":"分","913":"：","914":"v","915":"a","916":"l","917":"i","918":"d","919":"E","920":"n","921":"d","922":"=","923":"0","924":" ","925":"时","926":"不","927":"截","928":"取","929":"任","930":"何","931":"内","932":"容","933":"（","934":"关","935":"键","936":"修","937":"复","938":"点","939":"）","940":"\\","941":"n","942":" ","943":" ","944":"c","945":"o","946":"n","947":"s","948":"t","949":" ","950":"e","951":"n","952":"d","953":"P","954":"a","955":"r","956":"t","957":" ","958":"=","959":" ","960":"v","961":"a","962":"l","963":"i","964":"d","965":"E","966":"n","967":"d","968":" ","969":">","970":" ","971":"0","972":" ","973":"?","974":" ","975":"b","976":"o","977":"d","978":"y","979":".","980":"s","981":"l","982":"i","983":"c","984":"e","985":"(","986":"-","987":"v","988":"a","989":"l","990":"i","991":"d","992":"E","993":"n","994":"d","995":")","996":" ","997":":","998":" ","999":"'","1000":"'","1001":";","1002":"\\","1003":"n","1004":"\\","1005":"n","1006":" ","1007":" ","1008":"/","1009":"/","1010":" ","1011":"7","1012":".","1013":" ","1014":"拼","1015":"接","1016":"结","1017":"果","1018":"（","1019":"根","1020":"据","1021":" ","1022":"e","1023":"n","1024":"d","1025":"P","1026":"a","1027":"r","1028":"t","1029":" ","1030":"是","1031":"否","1032":"为","1033":"空","1034":"决","1035":"定","1036":"格","1037":"式","1038":"）","1039":"\\","1040":"n","1041":" ","1042":" ","1043":"i","1044":"f","1045":" ","1046":"(","1047":"v","1048":"a","1049":"l","1050":"i","1051":"d","1052":"S","1053":"t","1054":"a","1055":"r","1056":"t","1057":" ","1058":"=","1059":"=","1060":"=","1061":" ","1062":"0","1063":" ","1064":"&","1065":"&","1066":" ","1067":"v","1068":"a","1069":"l","1070":"i","1071":"d","1072":"E","1073":"n","1074":"d","1075":" ","1076":"=","1077":"=","1078":"=","1079":" ","1080":"0","1081":")","1082":" ","1083":"{","1084":"\\","1085":"n","1086":" ","1087":" ","1088":" ","1089":" ","1090":"r","1091":"e","1092":"t","1093":"u","1094":"r","1095":"n","1096":" ","1097":"`","1098":"$","1099":"{","1100":"p","1101":"r","1102":"e","1103":"f","1104":"i","1105":"x","1106":"}","1107":".","1108":".","1109":".","1110":"`","1111":";","1112":" ","1113":"/","1114":"/","1115":" ","1116":"双","1117":"0","1118":"参","1119":"数","1120":"：","1121":"仅","1122":"前","1123":"缀","1124":"+","1125":"省","1126":"略","1127":"号","1128":"\\","1129":"n","1130":" ","1131":" ","1132":"}","1133":"\\","1134":"n","1135":" ","1136":" ","1137":"/","1138":"/","1139":" ","1140":"若","1141":" ","1142":"e","1143":"n","1144":"d","1145":"P","1146":"a","1147":"r","1148":"t","1149":" ","1150":"为","1151":"空","1152":"（","1153":"v","1154":"a","1155":"l","1156":"i","1157":"d","1158":"E","1159":"n","1160":"d","1161":"=","1162":"0","1163":"）","1164":"，","1165":"则","1166":"只","1167":"拼","1168":"接","1169":" ","1170":"\\","1171":"\"","1172":"前","1173":"缀","1174":"+","1175":"起","1176":"始","1177":"+","1178":".","1179":".","1180":".","1181":"\\","1182":"\"","1183":"\\","1184":"n","1185":" ","1186":" ","1187":"r","1188":"e","1189":"t","1190":"u","1191":"r","1192":"n","1193":" ","1194":"v","1195":"a","1196":"l","1197":"i","1198":"d","1199":"E","1200":"n","1201":"d","1202":" ","1203":"=","1204":"=","1205":"=","1206":" ","1207":"0","1208":" ","1209":"?","1210":" ","1211":"`","1212":"$","1213":"{","1214":"p","1215":"r","1216":"e","1217":"f","1218":"i","1219":"x","1220":"}","1221":"$","1222":"{","1223":"s","1224":"t","1225":"a","1226":"r","1227":"t","1228":"P","1229":"a","1230":"r","1231":"t","1232":"}","1233":".","1234":".","1235":".","1236":"`","1237":" ","1238":":","1239":" ","1240":"`","1241":"$","1242":"{","1243":"p","1244":"r","1245":"e","1246":"f","1247":"i","1248":"x","1249":"}","1250":"$","1251":"{","1252":"s","1253":"t","1254":"a","1255":"r","1256":"t","1257":"P","1258":"a","1259":"r","1260":"t","1261":"}","1262":".","1263":".","1264":".","1265":"$","1266":"{","1267":"e","1268":"n","1269":"d","1270":"P","1271":"a","1272":"r","1273":"t","1274":"}","1275":"`","1276":";","1277":"\\","1278":"n","1279":"}","1280":"\\","1281":"n","1282":"\"","1283":"]","1284":",","1285":"\"","1286":"n","1287":"a","1288":"m","1289":"e","1290":"s","1291":"\"","1292":":","1293":"[","1294":"\"","1295":"f","1296":"o","1297":"r","1298":"m","1299":"a","1300":"t","1301":"W","1302":"a","1303":"l","1304":"l","1305":"e","1306":"t","1307":"A","1308":"d","1309":"d","1310":"r","1311":"e","1312":"s","1313":"s","1314":"\"","1315":",","1316":"\"","1317":"a","1318":"d","1319":"d","1320":"r","1321":"e","1322":"s","1323":"s","1324":"\"","1325":",","1326":"\"","1327":"s","1328":"t","1329":"a","1330":"r","1331":"t","1332":"L","1333":"e","1334":"n","1335":"g","1336":"t","1337":"h","1338":"\"","1339":",","1340":"\"","1341":"e","1342":"n","1343":"d","1344":"L","1345":"e","1346":"n","1347":"g","1348":"t","1349":"h","1350":"\"","1351":",","1352":"\"","1353":"v","1354":"a","1355":"l","1356":"i","1357":"d","1358":"S","1359":"t","1360":"a","1361":"r","1362":"t","1363":"\"","1364":",","1365":"\"","1366":"M","1367":"a","1368":"t","1369":"h","1370":"\"","1371":",","1372":"\"","1373":"m","1374":"a","1375":"x","1376":"\"","1377":",","1378":"\"","1379":"v","1380":"a","1381":"l","1382":"i","1383":"d","1384":"E","1385":"n","1386":"d","1387":"\"","1388":",","1389":"\"","1390":"h","1391":"a","1392":"s","1393":"P","1394":"r","1395":"e","1396":"f","1397":"i","1398":"x","1399":"\"","1400":",","1401":"\"","1402":"s","1403":"t","1404":"a","1405":"r","1406":"t","1407":"s","1408":"W","1409":"i","1410":"t","1411":"h","1412":"\"","1413":",","1414":"\"","1415":"p","1416":"r","1417":"e","1418":"f","1419":"i","1420":"x","1421":"\"","1422":",","1423":"\"","1424":"s","1425":"l","1426":"i","1427":"c","1428":"e","1429":"\"","1430":",","1431":"\"","1432":"b","1433":"o","1434":"d","1435":"y","1436":"\"","1437":",","1438":"\"","1439":"l","1440":"e","1441":"n","1442":"g","1443":"t","1444":"h","1445":"\"","1446":",","1447":"\"","1448":"s","1449":"t","1450":"a","1451":"r","1452":"t","1453":"P","1454":"a","1455":"r","1456":"t","1457":"\"","1458":",","1459":"\"","1460":"e","1461":"n","1462":"d","1463":"P","1464":"a","1465":"r","1466":"t","1467":"\"","1468":"]","1469":",","1470":"\"","1471":"m","1472":"a","1473":"p","1474":"p","1475":"i","1476":"n","1477":"g","1478":"s","1479":"\"","1480":":","1481":"\"","1482":"o","1483":"G","1484":"A","1485":"A","1486":"g","1487":"B","1488":"A","1489":",","1490":"6","1491":"D","1492":"A","1493":"A","1494":"A","1495":"A","1496":",","1497":"u","1498":"B","1499":"A","1500":"A","1501":"T","1502":",","1503":"S","1504":"A","1505":"A","1506":"S","1507":"A","1508":",","1509":"o","1510":"B","1511":"A","1512":"C","1513":"d","1514":"C","1515":",","1516":"O","1517":"A","1518":"A","1519":"k","1520":"C","1521":",","1522":"C","1523":"A","1524":"C","1525":"l","1526":"C","1527":"C","1528":",","1529":"Y","1530":"A","1531":"A","1532":"c","1533":",","1534":"C","1535":"A","1536":"A","1537":"C","1538":",","1539":"C","1540":"A","1541":"C","1542":"f","1543":"C","1544":",","1545":"U","1546":"A","1547":"A","1548":"Y","1549":",","1550":"C","1551":"A","1552":"A","1553":"C","1554":",","1555":"E","1556":"A","1557":"G","1558":"b","1559":",","1560":"G","1561":"A","1562":"A","1563":"I","1564":",","1565":"C","1566":"A","1567":"A","1568":"C","1569":"F","1570":",","1571":"Q","1572":"A","1573":"A","1574":"S","1575":",","1576":"M","1577":"A","1578":"A","1579":"O","1580":",","1581":"G","1582":"A","1583":"G","1584":"r","1585":"B","1586":",","1587":"M","1588":"A","1589":"A","1590":"M","1591":"G","1592":",","1593":"W","1594":"A","1595":"A","1596":"a","1597":"C","1598":",","1599":"K","1600":"A","1601":"A","1602":"K","1603":"C","1604":",","1605":"G","1606":"A","1607":"A","1608":"G","1609":",","1610":"C","1611":"A","1612":"A","1613":"C","1614":",","1615":"E","1616":"A","1617":"A","1618":"G","1619":"J","1620":",","1621":"a","1622":"A","1623":"C","1624":"/","1625":"B","1626":",","1627":"M","1628":"A","1629":"A","1630":"M","1631":"K","1632":",","1633":"S","1634":"A","1635":"A","1636":"W","1637":"F","1638":",","1639":"K","1640":"A","1641":"A","1642":"K","1643":"C","1644":",","1645":"G","1646":"A","1647":"A","1648":"G","1649":",","1650":"C","1651":"A","1652":"A","1653":"C","1654":",","1655":"E","1656":"A","1657":"A","1658":"G","1659":"H","1660":",","1661":"W","1662":"A","1663":"G","1664":"7","1665":"B","1666":",","1667":"M","1668":"A","1669":"A","1670":"M","1671":"K","1672":",","1673":"U","1674":"A","1675":"A","1676":"Y","1677":"P","1678":",","1679":"Q","1680":"A","1681":"A","1682":"Q","1683":"Q","1684":",","1685":"U","1686":"A","1687":"A","1688":"U","1689":",","1690":"C","1691":"A","1692":"A","1693":"C","1694":",","1695":"O","1696":"A","1697":"A","1698":"S","1699":"R","1700":",","1701":"Q","1702":"A","1703":"A","1704":"Q","1705":"Q","1706":",","1707":"U","1708":"A","1709":"A","1710":"U","1711":",","1712":"C","1713":"A","1714":"A","1715":"C","1716":",","1717":"M","1718":"A","1719":"C","1720":"j","1721":"E","1722":",","1723":"M","1724":"A","1725":"A","1726":"M","1727":"C","1728":",","1729":"O","1730":"A","1731":"A","1732":"S","1733":"F","1734":",","1735":"U","1736":"A","1737":"A","1738":"Y","1739":"P","1740":",","1741":"Q","1742":"A","1743":"A","1744":"Q","1745":"U","1746":",","1747":"K","1748":"A","1749":"A","1750":"K","1751":",","1752":"C","1753":"A","1754":"A","1755":"C","1756":",","1757":"E","1758":"A","1759":"A","1760":"G","1761":",","1762":"G","1763":"A","1764":"A","1765":"K","1766":",","1767":"G","1768":"A","1769":"C","1770":"j","1771":"D","1772":",","1773":"M","1774":"A","1775":"A","1776":"M","1777":"C","1778":",","1779":"K","1780":"A","1781":"A","1782":"O","1783":"J","1784":",","1785":"U","1786":"A","1787":"A","1788":"Y","1789":"P","1790":",","1791":"Q","1792":"A","1793":"A","1794":"Q","1795":"U","1796":",","1797":"K","1798":"A","1799":"A","1800":"K","1801":",","1802":"C","1803":"A","1804":"A","1805":"C","1806":",","1807":"G","1808":"A","1809":"A","1810":"K","1811":"V","1812":",","1813":"Q","1814":"A","1815":"G","1816":"5","1817":"C","1818":",","1819":"G","1820":"A","1821":"A","1822":"I","1823":"W","1824":",","1825":"K","1826":"A","1827":"A","1828":"K","1829":"C","1830":",","1831":"M","1832":"A","1833":"A","1834":"M","1835":",","1836":"E","1837":"A","1838":"A","1839":"I","1840":"T","1841":",","1842":"W","1843":"A","1844":"A","1845":"a","1846":"G","1847":",","1848":"S","1849":"A","1850":"A","1851":"U","1852":",","1853":"C","1854":"A","1855":"C","1856":"x","1857":"C","1858":",","1859":"O","1860":"A","1861":"A","1862":"O","1863":"N","1864":",","1865":"O","1866":"A","1867":"C","1868":"T","1869":",","1870":"C","1871":"A","1872":"G","1873":"A","1874":",","1875":"M","1876":"A","1877":"A","1878":"M","1879":"a","1880":",","1881":"U","1882":"A","1883":"A","1884":"Y","1885":"F","1886":",","1887":"K","1888":"A","1889":"A","1890":"K","1891":"D","1892":",","1893":"K","1894":"A","1895":"A","1896":"K","1897":",","1898":"C","1899":"A","1900":"A","1901":"C","1902":",","1903":"E","1904":"A","1905":"A","1906":"G","1907":"P","1908":",","1909":"Y","1910":"A","1911":"G","1912":"h","1913":"C","1914":",","1915":"M","1916":"A","1917":"A","1918":"M","1919":"W","1920":",","1921":"Q","1922":"A","1923":"A","1924":"U","1925":"R","1926":",","1927":"S","1928":"A","1929":"A","1930":"W","1931":",","1932":"E","1933":"A","1934":"A","1935":"I","1936":"K","1937":",","1938":"K","1939":"A","1940":"A","1941":"K","1942":"D","1943":",","1944":"K","1945":"A","1946":"A","1947":"K","1948":",","1949":"C","1950":"A","1951":"A","1952":"C","1953":",","1954":"C","1955":"A","1956":"A","1957":"C","1958":"J","1959":",","1960":"U","1961":"A","1962":"A","1963":"Y","1964":",","1965":"G","1966":"A","1967":"G","1968":"v","1969":"D","1970":",","1971":"G","1972":"A","1973":"A","1974":"I","1975":"H","1976":",","1977":"a","1978":"A","1979":"A","1980":"e","1981":",","1982":"G","1983":"A","1984":"A","1985":"K","1986":"G","1987":",","1988":"W","1989":"A","1990":"A","1991":"a","1992":",","1993":"E","1994":"A","1995":"A","1996":"G","1997":",","1998":"C","1999":"A","2000":"C","2001":"t","2002":"C","2003":",","2004":"M","2005":"A","2006":"A","2007":"O","2008":",","2009":"C","2010":"A","2011":"A","2012":"C","2013":",","2014":"E","2015":"A","2016":"A","2017":"E","2018":"G","2019":",","2020":"O","2021":"A","2022":"A","2023":"O","2024":",","2025":"G","2026":"A","2027":"A","2028":"G","2029":",","2030":"C","2031":"A","2032":"A","2033":"C","2034":",","2035":"A","2036":"A","2037":"C","2038":"v","2039":"B","2040":",","2041":"C","2042":"A","2043":"E","2044":"A","2045":",","2046":"O","2047":"A","2048":"A","2049":"O","2050":"H","2051":",","2052":"W","2053":"A","2054":"A","2055":"a","2056":",","2057":"E","2058":"A","2059":"A","2060":"I","2061":",","2062":"C","2063":"A","2064":"A","2065":"C","2066":",","2067":"E","2068":"A","2069":"A","2070":"E","2071":"G","2072":",","2073":"O","2074":"A","2075":"A","2076":"O","2077":",","2078":"E","2079":"A","2080":"A","2081":"E","2082":"I","2083":",","2084":"U","2085":"A","2086":"A","2087":"U","2088":",","2089":"G","2090":"A","2091":"A","2092":"G","2093":",","2094":"C","2095":"A","2096":"A","2097":"C","2098":",","2099":"C","2100":"A","2101":"A","2102":"G","2103":",","2104":"C","2105":"A","2106":"A","2107":"C","2108":",","2109":"E","2110":"A","2111":"A","2112":"E","2113":"J","2114":",","2115":"O","2116":"A","2117":"A","2118":"O","2119":",","2120":"E","2121":"A","2122":"A","2123":"E","2124":"I","2125":",","2126":"U","2127":"A","2128":"A","2129":"U","2130":",","2131":"G","2132":"A","2133":"A","2134":"G","2135":",","2136":"E","2137":"A","2138":"A","2139":"E","2140":"C","2141":",","2142":"Q","2143":"A","2144":"A","2145":"Q","2146":",","2147":"C","2148":"A","2149":"A","2150":"C","2151":",","2152":"A","2153":"A","2154":"C","2155":"3","2156":"F","2157":"\"","2158":"}"},"_coverageSchema":"1a1c01bbd47fc00a2c39e90264f33305004495a9","hash":"da44010c38b139c649cd8106393bd44395ae9a7c"}
}
