{
  "numFailedTestSuites": 0,
  "numFailedTests": 0,
  "numPassedTestSuites": 1,
  "numPassedTests": 20,
  "numPendingTestSuites": 0,
  "numPendingTests": 0,
  "numRuntimeErrorTestSuites": 0,
  "numTodoTests": 0,
  "numTotalTestSuites": 1,
  "numTotalTests": 20,
  "openHandles": [],
  "snapshot": {
    "added": 0,
    "didUpdate": false,
    "failure": false,
    "filesAdded": 0,
    "filesRemoved": 0,
    "filesRemovedList": [],
    "filesUnmatched": 0,
    "filesUpdated": 0,
    "matched": 0,
    "total": 0,
    "unchecked": 0,
    "uncheckedKeysByFile": [],
    "unmatched": 0,
    "updated": 0
  },
  "startTime": 1758550047501,
  "success": false,
  "testResults": [
    {
      "leaks": false,
      "numFailingTests": 0,
      "numPassingTests": 20,
      "numPendingTests": 0,
      "numTodoTests": 0,
      "openHandles": [],
      "perfStats": {
        "end": 1758550047596,
        "loadTestEnvironmentEnd": 1758550047547,
        "loadTestEnvironmentStart": 1758550047530,
        "runtime": 49,
        "setupAfterEnvEnd": 1758550047587,
        "setupAfterEnvStart": 1758550047586,
        "setupFilesEnd": 1758550047547,
        "setupFilesStart": 1758550047547,
        "slow": false,
        "start": 1758550047547
      },
      "skipped": false,
      "snapshot": {
        "added": 0,
        "fileDeleted": false,
        "matched": 0,
        "unchecked": 0,
        "uncheckedKeys": [],
        "unmatched": 0,
        "updated": 0
      },
      "testFilePath": "/Users/konglin/Desktop/kl-ai-app/tests/unit/formatwallet.spec.ts",
      "testResults": [
        {
          "ancestorTitles": [
            "formatWalletAddress 函数测试",
            "基本功能测试"
          ],
          "duration": 3,
          "failing": false,
          "failureDetails": [],
          "failureMessages": [],
          "fullName": "formatWalletAddress 函数测试 基本功能测试 应该正确格式化标准的以太坊地址（带0x前缀）",
          "invocations": 1,
          "location": null,
          "numPassingAsserts": 1,
          "retryReasons": [],
          "startAt": 1758550047588,
          "status": "passed",
          "title": "应该正确格式化标准的以太坊地址（带0x前缀）"
        },
        {
          "ancestorTitles": [
            "formatWalletAddress 函数测试",
            "基本功能测试"
          ],
          "duration": 0,
          "failing": false,
          "failureDetails": [],
          "failureMessages": [],
          "fullName": "formatWalletAddress 函数测试 基本功能测试 应该正确格式化不带0x前缀的地址",
          "invocations": 1,
          "location": null,
          "numPassingAsserts": 1,
          "retryReasons": [],
          "startAt": 1758550047592,
          "status": "passed",
          "title": "应该正确格式化不带0x前缀的地址"
        },
        {
          "ancestorTitles": [
            "formatWalletAddress 函数测试",
            "基本功能测试"
          ],
          "duration": 0,
          "failing": false,
          "failureDetails": [],
          "failureMessages": [],
          "fullName": "formatWalletAddress 函数测试 基本功能测试 应该使用默认参数（startLength=6, endLength=4）",
          "invocations": 1,
          "location": null,
          "numPassingAsserts": 1,
          "retryReasons": [],
          "startAt": 1758550047592,
          "status": "passed",
          "title": "应该使用默认参数（startLength=6, endLength=4）"
        },
        {
          "ancestorTitles": [
            "formatWalletAddress 函数测试",
            "自定义参数测试"
          ],
          "duration": 0,
          "failing": false,
          "failureDetails": [],
          "failureMessages": [],
          "fullName": "formatWalletAddress 函数测试 自定义参数测试 应该支持同时自定义起始和结尾长度",
          "invocations": 1,
          "location": null,
          "numPassingAsserts": 1,
          "retryReasons": [],
          "startAt": 1758550047592,
          "status": "passed",
          "title": "应该支持同时自定义起始和结尾长度"
        },
        {
          "ancestorTitles": [
            "formatWalletAddress 函数测试",
            "自定义参数测试"
          ],
          "duration": 0,
          "failing": false,
          "failureDetails": [],
          "failureMessages": [],
          "fullName": "formatWalletAddress 函数测试 自定义参数测试 应该支持较大的起始和结尾长度",
          "invocations": 1,
          "location": null,
          "numPassingAsserts": 1,
          "retryReasons": [],
          "startAt": 1758550047592,
          "status": "passed",
          "title": "应该支持较大的起始和结尾长度"
        },
        {
          "ancestorTitles": [
            "formatWalletAddress 函数测试",
            "边界情况测试"
          ],
          "duration": 0,
          "failing": false,
          "failureDetails": [],
          "failureMessages": [],
          "fullName": "formatWalletAddress 函数测试 边界情况测试 空字符串应该返回空字符串",
          "invocations": 1,
          "location": null,
          "numPassingAsserts": 1,
          "retryReasons": [],
          "startAt": 1758550047593,
          "status": "passed",
          "title": "空字符串应该返回空字符串"
        },
        {
          "ancestorTitles": [
            "formatWalletAddress 函数测试",
            "边界情况测试"
          ],
          "duration": 0,
          "failing": false,
          "failureDetails": [],
          "failureMessages": [],
          "fullName": "formatWalletAddress 函数测试 边界情况测试 null 或 undefined 应该返回空字符串",
          "invocations": 1,
          "location": null,
          "numPassingAsserts": 2,
          "retryReasons": [],
          "startAt": 1758550047593,
          "status": "passed",
          "title": "null 或 undefined 应该返回空字符串"
        },
        {
          "ancestorTitles": [
            "formatWalletAddress 函数测试",
            "边界情况测试"
          ],
          "duration": 0,
          "failing": false,
          "failureDetails": [],
          "failureMessages": [],
          "fullName": "formatWalletAddress 函数测试 边界情况测试 地址长度小于等于 startLength + endLength 时应该返回原地址",
          "invocations": 1,
          "location": null,
          "numPassingAsserts": 3,
          "retryReasons": [],
          "startAt": 1758550047593,
          "status": "passed",
          "title": "地址长度小于等于 startLength + endLength 时应该返回原地址"
        },
        {
          "ancestorTitles": [
            "formatWalletAddress 函数测试",
            "边界情况测试"
          ],
          "duration": 0,
          "failing": false,
          "failureDetails": [],
          "failureMessages": [],
          "fullName": "formatWalletAddress 函数测试 边界情况测试 刚好超过最小长度的地址应该被格式化",
          "invocations": 1,
          "location": null,
          "numPassingAsserts": 1,
          "retryReasons": [],
          "startAt": 1758550047593,
          "status": "passed",
          "title": "刚好超过最小长度的地址应该被格式化"
        },
        {
          "ancestorTitles": [
            "formatWalletAddress 函数测试",
            "前缀处理测试"
          ],
          "duration": 1,
          "failing": false,
          "failureDetails": [],
          "failureMessages": [],
          "fullName": "formatWalletAddress 函数测试 前缀处理测试 应该保留原有的0x前缀",
          "invocations": 1,
          "location": null,
          "numPassingAsserts": 2,
          "retryReasons": [],
          "startAt": 1758550047593,
          "status": "passed",
          "title": "应该保留原有的0x前缀"
        },
        {
          "ancestorTitles": [
            "formatWalletAddress 函数测试",
            "前缀处理测试"
          ],
          "duration": 0,
          "failing": false,
          "failureDetails": [],
          "failureMessages": [],
          "fullName": "formatWalletAddress 函数测试 前缀处理测试 没有0x前缀的地址不应该添加前缀",
          "invocations": 1,
          "location": null,
          "numPassingAsserts": 2,
          "retryReasons": [],
          "startAt": 1758550047594,
          "status": "passed",
          "title": "没有0x前缀的地址不应该添加前缀"
        },
        {
          "ancestorTitles": [
            "formatWalletAddress 函数测试",
            "特殊字符和格式测试"
          ],
          "duration": 0,
          "failing": false,
          "failureDetails": [],
          "failureMessages": [],
          "fullName": "formatWalletAddress 函数测试 特殊字符和格式测试 应该正确处理大小写混合的地址",
          "invocations": 1,
          "location": null,
          "numPassingAsserts": 1,
          "retryReasons": [],
          "startAt": 1758550047594,
          "status": "passed",
          "title": "应该正确处理大小写混合的地址"
        },
        {
          "ancestorTitles": [
            "formatWalletAddress 函数测试",
            "特殊字符和格式测试"
          ],
          "duration": 0,
          "failing": false,
          "failureDetails": [],
          "failureMessages": [],
          "fullName": "formatWalletAddress 函数测试 特殊字符和格式测试 应该正确处理全大写地址",
          "invocations": 1,
          "location": null,
          "numPassingAsserts": 1,
          "retryReasons": [],
          "startAt": 1758550047594,
          "status": "passed",
          "title": "应该正确处理全大写地址"
        },
        {
          "ancestorTitles": [
            "formatWalletAddress 函数测试",
            "特殊字符和格式测试"
          ],
          "duration": 0,
          "failing": false,
          "failureDetails": [],
          "failureMessages": [],
          "fullName": "formatWalletAddress 函数测试 特殊字符和格式测试 应该正确处理全小写地址",
          "invocations": 1,
          "location": null,
          "numPassingAsserts": 1,
          "retryReasons": [],
          "startAt": 1758550047594,
          "status": "passed",
          "title": "应该正确处理全小写地址"
        },
        {
          "ancestorTitles": [
            "formatWalletAddress 函数测试",
            "参数验证测试"
          ],
          "duration": 1,
          "failing": false,
          "failureDetails": [],
          "failureMessages": [],
          "fullName": "formatWalletAddress 函数测试 参数验证测试 起始长度为0时应该正常工作",
          "invocations": 1,
          "location": null,
          "numPassingAsserts": 1,
          "retryReasons": [],
          "startAt": 1758550047594,
          "status": "passed",
          "title": "起始长度为0时应该正常工作"
        },
        {
          "ancestorTitles": [
            "formatWalletAddress 函数测试",
            "参数验证测试"
          ],
          "duration": 0,
          "failing": false,
          "failureDetails": [],
          "failureMessages": [],
          "fullName": "formatWalletAddress 函数测试 参数验证测试 结尾长度为0时应该正常工作",
          "invocations": 1,
          "location": null,
          "numPassingAsserts": 1,
          "retryReasons": [],
          "startAt": 1758550047595,
          "status": "passed",
          "title": "结尾长度为0时应该正常工作"
        },
        {
          "ancestorTitles": [
            "formatWalletAddress 函数测试",
            "参数验证测试"
          ],
          "duration": 0,
          "failing": false,
          "failureDetails": [],
          "failureMessages": [],
          "fullName": "formatWalletAddress 函数测试 参数验证测试 起始和结尾长度都为0时应该只显示前缀和省略号",
          "invocations": 1,
          "location": null,
          "numPassingAsserts": 1,
          "retryReasons": [],
          "startAt": 1758550047595,
          "status": "passed",
          "title": "起始和结尾长度都为0时应该只显示前缀和省略号"
        },
        {
          "ancestorTitles": [
            "formatWalletAddress 函数测试",
            "参数验证测试"
          ],
          "duration": 0,
          "failing": false,
          "failureDetails": [],
          "failureMessages": [],
          "fullName": "formatWalletAddress 函数测试 参数验证测试 负数参数应该被处理为0",
          "invocations": 1,
          "location": null,
          "numPassingAsserts": 2,
          "retryReasons": [],
          "startAt": 1758550047595,
          "status": "passed",
          "title": "负数参数应该被处理为0"
        },
        {
          "ancestorTitles": [
            "formatWalletAddress 函数测试",
            "性能和压力测试"
          ],
          "duration": 0,
          "failing": false,
          "failureDetails": [],
          "failureMessages": [],
          "fullName": "formatWalletAddress 函数测试 性能和压力测试 应该能处理非常长的地址字符串",
          "invocations": 1,
          "location": null,
          "numPassingAsserts": 1,
          "retryReasons": [],
          "startAt": 1758550047595,
          "status": "passed",
          "title": "应该能处理非常长的地址字符串"
        },
        {
          "ancestorTitles": [
            "formatWalletAddress 函数测试",
            "性能和压力测试"
          ],
          "duration": 0,
          "failing": false,
          "failureDetails": [],
          "failureMessages": [],
          "fullName": "formatWalletAddress 函数测试 性能和压力测试 应该能批量处理多个地址",
          "invocations": 1,
          "location": null,
          "numPassingAsserts": 1,
          "retryReasons": [],
          "startAt": 1758550047596,
          "status": "passed",
          "title": "应该能批量处理多个地址"
        }
      ],
      "failureMessage": null
    }
  ],
  "wasInterrupted": false
}